<?xml version="1.0" encoding="UTF-8"?>
<testsuite xmlns:xsi="http://www.w3.org/2001/XMLSchema-instance" xsi:noNamespaceSchemaLocation="https://maven.apache.org/surefire/maven-surefire-plugin/xsd/surefire-test-report-3.0.xsd" version="3.0" name="com.example.CalculatorTest" time="0.055" tests="5" errors="0" skipped="0" failures="0">
  <properties>
[...]
</properties>
  <testcase name="testDivideByZero" classname="com.example.CalculatorTest" time="0.031">
    <system-out><![CDATA[Running testDivideByZero
Dividing 10 / 0
]]></system-out>
  </testcase>
  <testcase name="testAdd" classname="com.example.CalculatorTest" time="0.001">
    <system-out><![CDATA[Running testAdd
Adding 2 + 3
]]></system-out>
  </testcase>
  <testcase name="testSubtract" classname="com.example.CalculatorTest" time="0">
    <system-out><![CDATA[Running testSubtract
Subtracting 7 - 3
]]></system-out>
  </testcase>
  <testcase name="testDivide" classname="com.example.CalculatorTest" time="0.001">
    <system-out><![CDATA[Running testDivide
Dividing 6 / 3
]]></system-out>
  </testcase>
  <testcase name="testMultiply" classname="com.example.CalculatorTest" time="0.001">
    <system-out><![CDATA[Running testMultiply
Multiplying 3 * 5
]]></system-out>
  </testcase>
</testsuite>